[2023-04-05 07:00:39] local.ERROR: {"UserID":"33993","UserName":"Ronn Nell Punzalan","Called Method":"update","Message":"SQLSTATE[42S22]: [Microsoft][ODBC Driver 17 for SQL Server][SQL Server]Invalid column name 'code'. (SQL: update [programmer] set [deleted_at] = 2023-04-05 07:00:39, [UpdatedBy] = 33993, [programmer].[updated_at] = 2023-04-05 07:00:39 where [code] = I0423-0002)","Passed Parameter":{"attributes":{},"request":{},"query":{},"server":{},"files":{},"cookies":{},"headers":{}},"Filename":"C:\\Apache24\\htdocs\\ReleaseNoteSystem\\vendor\\laravel\\framework\\src\\Illuminate\\Database\\Connection.php","Line Number":712,"Trace":"#0 C:\\Apache24\\htdocs\\ReleaseNoteSystem\\vendor\\laravel\\framework\\src\\Illuminate\\Database\\Connection.php(672): Illuminate\\Database\\Connection->runQueryCallback('update [program...', Array, Object(Closure))
#1 C:\\Apache24\\htdocs\\ReleaseNoteSystem\\vendor\\laravel\\framework\\src\\Illuminate\\Database\\Connection.php(533): Illuminate\\Database\\Connection->run('update [program...', Array, Object(Closure))
#2 C:\\Apache24\\htdocs\\ReleaseNoteSystem\\vendor\\laravel\\framework\\src\\Illuminate\\Database\\Connection.php(466): Illuminate\\Database\\Connection->affectingStatement('update [program...', Array)
#3 C:\\Apache24\\htdocs\\ReleaseNoteSystem\\vendor\\laravel\\framework\\src\\Illuminate\\Database\\Query\\Builder.php(3063): Illuminate\\Database\\Connection->update('update [program...', Array)
#4 C:\\Apache24\\htdocs\\ReleaseNoteSystem\\vendor\\laravel\\framework\\src\\Illuminate\\Database\\Eloquent\\Builder.php(921): Illuminate\\Database\\Query\\Builder->update(Array)
#5 C:\\Apache24\\htdocs\\ReleaseNoteSystem\\app\\DAO\\DAOM_transaction.php(71): Illuminate\\Database\\Eloquent\\Builder->update(Array)
#6 C:\\Apache24\\htdocs\\ReleaseNoteSystem\\app\\Models\\M_transactionModel.php(37): App\\DAO\\DAOM_transaction::DeleteRestoreTransaction(Object(Illuminate\\Http\\Request))
#7 C:\\Apache24\\htdocs\\ReleaseNoteSystem\\vendor\\laravel\\framework\\src\\Illuminate\\Database\\Concerns\\ManagesTransactions.php(29): App\\Models\\M_transactionModel->App\\Models\\{closure}(Object(Illuminate\\Database\\SqlServerConnection))
#8 C:\\Apache24\\htdocs\\ReleaseNoteSystem\\vendor\\laravel\\framework\\src\\Illuminate\\Database\\SqlServerConnection.php(32): Illuminate\\Database\\Connection->transaction(Object(Closure), 1)
#9 C:\\Apache24\\htdocs\\ReleaseNoteSystem\\vendor\\laravel\\framework\\src\\Illuminate\\Database\\DatabaseManager.php(442): Illuminate\\Database\\SqlServerConnection->transaction(Object(Closure))
#10 C:\\Apache24\\htdocs\\ReleaseNoteSystem\\vendor\\laravel\\framework\\src\\Illuminate\\Support\\Facades\\Facade.php(261): Illuminate\\Database\\DatabaseManager->__call('transaction', Array)
#11 C:\\Apache24\\htdocs\\ReleaseNoteSystem\\app\\Models\\M_transactionModel.php(38): Illuminate\\Support\\Facades\\Facade::__callStatic('transaction', Array)
#12 C:\\Apache24\\htdocs\\ReleaseNoteSystem\\app\\Http\\Controllers\\M_transactionController.php(88): App\\Models\\M_transactionModel->DeleteRestoreTransaction(Object(Illuminate\\Http\\Request))
#13 C:\\Apache24\\htdocs\\ReleaseNoteSystem\\vendor\\laravel\\framework\\src\\Illuminate\\Routing\\Controller.php(54): App\\Http\\Controllers\\M_transactionController->update(Object(Illuminate\\Http\\Request), 'deleterestore')
#14 C:\\Apache24\\htdocs\\ReleaseNoteSystem\\vendor\\laravel\\framework\\src\\Illuminate\\Routing\\ControllerDispatcher.php(45): Illuminate\\Routing\\Controller->callAction('update', Array)
#15 C:\\Apache24\\htdocs\\ReleaseNoteSystem\\vendor\\laravel\\framework\\src\\Illuminate\\Routing\\Route.php(262): Illuminate\\Routing\\ControllerDispatcher->dispatch(Object(Illuminate\\Routing\\Route), Object(App\\Http\\Controllers\\M_transactionController), 'update')
#16 C:\\Apache24\\htdocs\\ReleaseNoteSystem\\vendor\\laravel\\framework\\src\\Illuminate\\Routing\\Route.php(205): Illuminate\\Routing\\Route->runController()
#17 C:\\Apache24\\htdocs\\ReleaseNoteSystem\\vendor\\laravel\\framework\\src\\Illuminate\\Routing\\Router.php(721): Illuminate\\Routing\\Route->run()
#18 C:\\Apache24\\htdocs\\ReleaseNoteSystem\\vendor\\laravel\\framework\\src\\Illuminate\\Pipeline\\Pipeline.php(128): Illuminate\\Routing\\Router->Illuminate\\Routing\\{closure}(Object(Illuminate\\Http\\Request))
#19 C:\\Apache24\\htdocs\\ReleaseNoteSystem\\vendor\\laravel\\framework\\src\\Illuminate\\Routing\\Middleware\\SubstituteBindings.php(50): Illuminate\\Pipeline\\Pipeline->Illuminate\\Pipeline\\{closure}(Object(Illuminate\\Http\\Request))
#20 C:\\Apache24\\htdocs\\ReleaseNoteSystem\\vendor\\laravel\\framework\\src\\Illuminate\\Pipeline\\Pipeline.php(167): Illuminate\\Routing\\Middleware\\SubstituteBindings->handle(Object(Illuminate\\Http\\Request), Object(Closure))
#21 C:\\Apache24\\htdocs\\ReleaseNoteSystem\\vendor\\laravel\\framework\\src\\Illuminate\\Routing\\Middleware\\ThrottleRequests.php(127): Illuminate\\Pipeline\\Pipeline->Illuminate\\Pipeline\\{closure}(Object(Illuminate\\Http\\Request))
#22 C:\\Apache24\\htdocs\\ReleaseNoteSystem\\vendor\\laravel\\framework\\src\\Illuminate\\Routing\\Middleware\\ThrottleRequests.php(103): Illuminate\\Routing\\Middleware\\ThrottleRequests->handleRequest(Object(Illuminate\\Http\\Request), Object(Closure), Array)
#23 C:\\Apache24\\htdocs\\ReleaseNoteSystem\\vendor\\laravel\\framework\\src\\Illuminate\\Routing\\Middleware\\ThrottleRequests.php(55): Illuminate\\Routing\\Middleware\\ThrottleRequests->handleRequestUsingNamedLimiter(Object(Illuminate\\Http\\Request), Object(Closure), 'api', Object(Closure))
#24 C:\\Apache24\\htdocs\\ReleaseNoteSystem\\vendor\\laravel\\framework\\src\\Illuminate\\Pipeline\\Pipeline.php(167): Illuminate\\Routing\\Middleware\\ThrottleRequests->handle(Object(Illuminate\\Http\\Request), Object(Closure), 'api')
#25 C:\\Apache24\\htdocs\\ReleaseNoteSystem\\vendor\\laravel\\framework\\src\\Illuminate\\Pipeline\\Pipeline.php(103): Illuminate\\Pipeline\\Pipeline->Illuminate\\Pipeline\\{closure}(Object(Illuminate\\Http\\Request))
#26 C:\\Apache24\\htdocs\\ReleaseNoteSystem\\vendor\\laravel\\framework\\src\\Illuminate\\Routing\\Router.php(723): Illuminate\\Pipeline\\Pipeline->then(Object(Closure))
#27 C:\\Apache24\\htdocs\\ReleaseNoteSystem\\vendor\\laravel\\framework\\src\\Illuminate\\Routing\\Router.php(698): Illuminate\\Routing\\Router->runRouteWithinStack(Object(Illuminate\\Routing\\Route), Object(Illuminate\\Http\\Request))
#28 C:\\Apache24\\htdocs\\ReleaseNoteSystem\\vendor\\laravel\\framework\\src\\Illuminate\\Routing\\Router.php(662): Illuminate\\Routing\\Router->runRoute(Object(Illuminate\\Http\\Request), Object(Illuminate\\Routing\\Route))
#29 C:\\Apache24\\htdocs\\ReleaseNoteSystem\\vendor\\laravel\\framework\\src\\Illuminate\\Routing\\Router.php(651): Illuminate\\Routing\\Router->dispatchToRoute(Object(Illuminate\\Http\\Request))
#30 C:\\Apache24\\htdocs\\ReleaseNoteSystem\\vendor\\laravel\\framework\\src\\Illuminate\\Foundation\\Http\\Kernel.php(167): Illuminate\\Routing\\Router->dispatch(Object(Illuminate\\Http\\Request))
#31 C:\\Apache24\\htdocs\\ReleaseNoteSystem\\vendor\\laravel\\framework\\src\\Illuminate\\Pipeline\\Pipeline.php(128): Illuminate\\Foundation\\Http\\Kernel->Illuminate\\Foundation\\Http\\{closure}(Object(Illuminate\\Http\\Request))
#32 C:\\Apache24\\htdocs\\ReleaseNoteSystem\\vendor\\laravel\\framework\\src\\Illuminate\\Foundation\\Http\\Middleware\\TransformsRequest.php(21): Illuminate\\Pipeline\\Pipeline->Illuminate\\Pipeline\\{closure}(Object(Illuminate\\Http\\Request))
#33 C:\\Apache24\\htdocs\\ReleaseNoteSystem\\vendor\\laravel\\framework\\src\\Illuminate\\Foundation\\Http\\Middleware\\ConvertEmptyStringsToNull.php(31): Illuminate\\Foundation\\Http\\Middleware\\TransformsRequest->handle(Object(Illuminate\\Http\\Request), Object(Closure))
#34 C:\\Apache24\\htdocs\\ReleaseNoteSystem\\vendor\\laravel\\framework\\src\\Illuminate\\Pipeline\\Pipeline.php(167): Illuminate\\Foundation\\Http\\Middleware\\ConvertEmptyStringsToNull->handle(Object(Illuminate\\Http\\Request), Object(Closure))
#35 C:\\Apache24\\htdocs\\ReleaseNoteSystem\\vendor\\laravel\\framework\\src\\Illuminate\\Foundation\\Http\\Middleware\\TransformsRequest.php(21): Illuminate\\Pipeline\\Pipeline->Illuminate\\Pipeline\\{closure}(Object(Illuminate\\Http\\Request))
#36 C:\\Apache24\\htdocs\\ReleaseNoteSystem\\vendor\\laravel\\framework\\src\\Illuminate\\Foundation\\Http\\Middleware\\TrimStrings.php(40): Illuminate\\Foundation\\Http\\Middleware\\TransformsRequest->handle(Object(Illuminate\\Http\\Request), Object(Closure))
#37 C:\\Apache24\\htdocs\\ReleaseNoteSystem\\vendor\\laravel\\framework\\src\\Illuminate\\Pipeline\\Pipeline.php(167): Illuminate\\Foundation\\Http\\Middleware\\TrimStrings->handle(Object(Illuminate\\Http\\Request), Object(Closure))
#38 C:\\Apache24\\htdocs\\ReleaseNoteSystem\\vendor\\laravel\\framework\\src\\Illuminate\\Foundation\\Http\\Middleware\\ValidatePostSize.php(27): Illuminate\\Pipeline\\Pipeline->Illuminate\\Pipeline\\{closure}(Object(Illuminate\\Http\\Request))
#39 C:\\Apache24\\htdocs\\ReleaseNoteSystem\\vendor\\laravel\\framework\\src\\Illuminate\\Pipeline\\Pipeline.php(167): Illuminate\\Foundation\\Http\\Middleware\\ValidatePostSize->handle(Object(Illuminate\\Http\\Request), Object(Closure))
#40 C:\\Apache24\\htdocs\\ReleaseNoteSystem\\vendor\\laravel\\framework\\src\\Illuminate\\Foundation\\Http\\Middleware\\PreventRequestsDuringMaintenance.php(86): Illuminate\\Pipeline\\Pipeline->Illuminate\\Pipeline\\{closure}(Object(Illuminate\\Http\\Request))
#41 C:\\Apache24\\htdocs\\ReleaseNoteSystem\\vendor\\laravel\\framework\\src\\Illuminate\\Pipeline\\Pipeline.php(167): Illuminate\\Foundation\\Http\\Middleware\\PreventRequestsDuringMaintenance->handle(Object(Illuminate\\Http\\Request), Object(Closure))
#42 C:\\Apache24\\htdocs\\ReleaseNoteSystem\\vendor\\fruitcake\\laravel-cors\\src\\HandleCors.php(52): Illuminate\\Pipeline\\Pipeline->Illuminate\\Pipeline\\{closure}(Object(Illuminate\\Http\\Request))
#43 C:\\Apache24\\htdocs\\ReleaseNoteSystem\\vendor\\laravel\\framework\\src\\Illuminate\\Pipeline\\Pipeline.php(167): Fruitcake\\Cors\\HandleCors->handle(Object(Illuminate\\Http\\Request), Object(Closure))
#44 C:\\Apache24\\htdocs\\ReleaseNoteSystem\\vendor\\laravel\\framework\\src\\Illuminate\\Http\\Middleware\\TrustProxies.php(39): Illuminate\\Pipeline\\Pipeline->Illuminate\\Pipeline\\{closure}(Object(Illuminate\\Http\\Request))
#45 C:\\Apache24\\htdocs\\ReleaseNoteSystem\\vendor\\laravel\\framework\\src\\Illuminate\\Pipeline\\Pipeline.php(167): Illuminate\\Http\\Middleware\\TrustProxies->handle(Object(Illuminate\\Http\\Request), Object(Closure))
#46 C:\\Apache24\\htdocs\\ReleaseNoteSystem\\vendor\\laravel\\framework\\src\\Illuminate\\Pipeline\\Pipeline.php(103): Illuminate\\Pipeline\\Pipeline->Illuminate\\Pipeline\\{closure}(Object(Illuminate\\Http\\Request))
#47 C:\\Apache24\\htdocs\\ReleaseNoteSystem\\vendor\\laravel\\framework\\src\\Illuminate\\Foundation\\Http\\Kernel.php(142): Illuminate\\Pipeline\\Pipeline->then(Object(Closure))
#48 C:\\Apache24\\htdocs\\ReleaseNoteSystem\\vendor\\laravel\\framework\\src\\Illuminate\\Foundation\\Http\\Kernel.php(111): Illuminate\\Foundation\\Http\\Kernel->sendRequestThroughRouter(Object(Illuminate\\Http\\Request))
#49 C:\\Apache24\\htdocs\\ReleaseNoteSystem\\public\\index.php(52): Illuminate\\Foundation\\Http\\Kernel->handle(Object(Illuminate\\Http\\Request))
#50 {main}"}  
[2023-04-05 08:50:26] local.ERROR: {"UserID":"33993","UserName":"Ronn Nell Punzalan","Called Method":"update","Message":"SQLSTATE[42S22]: [Microsoft][ODBC Driver 17 for SQL Server][SQL Server]Invalid column name 'code'. (SQL: update [programmer] set [programmer] = 1, [systemName] = 7, [requestor] = 1, [typeOfRequest] = 3, [kindOfRequest] = 9, [priority] = Low, [receivedDate] = 2023-04-04, [dueDate] = 2023-06-07, [startedDate] = ?, [finishedDate] = ?, [status] = Not Yet Started, [details] = reertretert, [UpdatedBy] = 33993, [programmer].[updated_at] = 2023-04-05 08:50:26 where [code] = I0423-0002)","Passed Parameter":{"attributes":{},"request":{},"query":{},"server":{},"files":{},"cookies":{},"headers":{}},"Filename":"C:\\Apache24\\htdocs\\ReleaseNoteSystem\\vendor\\laravel\\framework\\src\\Illuminate\\Database\\Connection.php","Line Number":712,"Trace":"#0 C:\\Apache24\\htdocs\\ReleaseNoteSystem\\vendor\\laravel\\framework\\src\\Illuminate\\Database\\Connection.php(672): Illuminate\\Database\\Connection->runQueryCallback('update [program...', Array, Object(Closure))
#1 C:\\Apache24\\htdocs\\ReleaseNoteSystem\\vendor\\laravel\\framework\\src\\Illuminate\\Database\\Connection.php(533): Illuminate\\Database\\Connection->run('update [program...', Array, Object(Closure))
#2 C:\\Apache24\\htdocs\\ReleaseNoteSystem\\vendor\\laravel\\framework\\src\\Illuminate\\Database\\Connection.php(466): Illuminate\\Database\\Connection->affectingStatement('update [program...', Array)
#3 C:\\Apache24\\htdocs\\ReleaseNoteSystem\\vendor\\laravel\\framework\\src\\Illuminate\\Database\\Query\\Builder.php(3063): Illuminate\\Database\\Connection->update('update [program...', Array)
#4 C:\\Apache24\\htdocs\\ReleaseNoteSystem\\vendor\\laravel\\framework\\src\\Illuminate\\Database\\Eloquent\\Builder.php(921): Illuminate\\Database\\Query\\Builder->update(Array)
#5 C:\\Apache24\\htdocs\\ReleaseNoteSystem\\app\\DAO\\DAOM_transaction.php(99): Illuminate\\Database\\Eloquent\\Builder->update(Array)
#6 C:\\Apache24\\htdocs\\ReleaseNoteSystem\\app\\Models\\M_transactionModel.php(51): App\\DAO\\DAOM_transaction::UpdateTransaction(Object(Illuminate\\Http\\Request))
#7 C:\\Apache24\\htdocs\\ReleaseNoteSystem\\vendor\\laravel\\framework\\src\\Illuminate\\Database\\Concerns\\ManagesTransactions.php(29): App\\Models\\M_transactionModel->App\\Models\\{closure}(Object(Illuminate\\Database\\SqlServerConnection))
#8 C:\\Apache24\\htdocs\\ReleaseNoteSystem\\vendor\\laravel\\framework\\src\\Illuminate\\Database\\SqlServerConnection.php(32): Illuminate\\Database\\Connection->transaction(Object(Closure), 1)
#9 C:\\Apache24\\htdocs\\ReleaseNoteSystem\\vendor\\laravel\\framework\\src\\Illuminate\\Database\\DatabaseManager.php(442): Illuminate\\Database\\SqlServerConnection->transaction(Object(Closure))
#10 C:\\Apache24\\htdocs\\ReleaseNoteSystem\\vendor\\laravel\\framework\\src\\Illuminate\\Support\\Facades\\Facade.php(261): Illuminate\\Database\\DatabaseManager->__call('transaction', Array)
#11 C:\\Apache24\\htdocs\\ReleaseNoteSystem\\app\\Models\\M_transactionModel.php(52): Illuminate\\Support\\Facades\\Facade::__callStatic('transaction', Array)
#12 C:\\Apache24\\htdocs\\ReleaseNoteSystem\\app\\Http\\Controllers\\M_transactionController.php(89): App\\Models\\M_transactionModel->UpdateTransaction(Object(Illuminate\\Http\\Request))
#13 C:\\Apache24\\htdocs\\ReleaseNoteSystem\\vendor\\laravel\\framework\\src\\Illuminate\\Routing\\Controller.php(54): App\\Http\\Controllers\\M_transactionController->update(Object(Illuminate\\Http\\Request), 'update')
#14 C:\\Apache24\\htdocs\\ReleaseNoteSystem\\vendor\\laravel\\framework\\src\\Illuminate\\Routing\\ControllerDispatcher.php(45): Illuminate\\Routing\\Controller->callAction('update', Array)
#15 C:\\Apache24\\htdocs\\ReleaseNoteSystem\\vendor\\laravel\\framework\\src\\Illuminate\\Routing\\Route.php(262): Illuminate\\Routing\\ControllerDispatcher->dispatch(Object(Illuminate\\Routing\\Route), Object(App\\Http\\Controllers\\M_transactionController), 'update')
#16 C:\\Apache24\\htdocs\\ReleaseNoteSystem\\vendor\\laravel\\framework\\src\\Illuminate\\Routing\\Route.php(205): Illuminate\\Routing\\Route->runController()
#17 C:\\Apache24\\htdocs\\ReleaseNoteSystem\\vendor\\laravel\\framework\\src\\Illuminate\\Routing\\Router.php(721): Illuminate\\Routing\\Route->run()
#18 C:\\Apache24\\htdocs\\ReleaseNoteSystem\\vendor\\laravel\\framework\\src\\Illuminate\\Pipeline\\Pipeline.php(128): Illuminate\\Routing\\Router->Illuminate\\Routing\\{closure}(Object(Illuminate\\Http\\Request))
#19 C:\\Apache24\\htdocs\\ReleaseNoteSystem\\vendor\\laravel\\framework\\src\\Illuminate\\Routing\\Middleware\\SubstituteBindings.php(50): Illuminate\\Pipeline\\Pipeline->Illuminate\\Pipeline\\{closure}(Object(Illuminate\\Http\\Request))
#20 C:\\Apache24\\htdocs\\ReleaseNoteSystem\\vendor\\laravel\\framework\\src\\Illuminate\\Pipeline\\Pipeline.php(167): Illuminate\\Routing\\Middleware\\SubstituteBindings->handle(Object(Illuminate\\Http\\Request), Object(Closure))
#21 C:\\Apache24\\htdocs\\ReleaseNoteSystem\\vendor\\laravel\\framework\\src\\Illuminate\\Routing\\Middleware\\ThrottleRequests.php(127): Illuminate\\Pipeline\\Pipeline->Illuminate\\Pipeline\\{closure}(Object(Illuminate\\Http\\Request))
#22 C:\\Apache24\\htdocs\\ReleaseNoteSystem\\vendor\\laravel\\framework\\src\\Illuminate\\Routing\\Middleware\\ThrottleRequests.php(103): Illuminate\\Routing\\Middleware\\ThrottleRequests->handleRequest(Object(Illuminate\\Http\\Request), Object(Closure), Array)
#23 C:\\Apache24\\htdocs\\ReleaseNoteSystem\\vendor\\laravel\\framework\\src\\Illuminate\\Routing\\Middleware\\ThrottleRequests.php(55): Illuminate\\Routing\\Middleware\\ThrottleRequests->handleRequestUsingNamedLimiter(Object(Illuminate\\Http\\Request), Object(Closure), 'api', Object(Closure))
#24 C:\\Apache24\\htdocs\\ReleaseNoteSystem\\vendor\\laravel\\framework\\src\\Illuminate\\Pipeline\\Pipeline.php(167): Illuminate\\Routing\\Middleware\\ThrottleRequests->handle(Object(Illuminate\\Http\\Request), Object(Closure), 'api')
#25 C:\\Apache24\\htdocs\\ReleaseNoteSystem\\vendor\\laravel\\framework\\src\\Illuminate\\Pipeline\\Pipeline.php(103): Illuminate\\Pipeline\\Pipeline->Illuminate\\Pipeline\\{closure}(Object(Illuminate\\Http\\Request))
#26 C:\\Apache24\\htdocs\\ReleaseNoteSystem\\vendor\\laravel\\framework\\src\\Illuminate\\Routing\\Router.php(723): Illuminate\\Pipeline\\Pipeline->then(Object(Closure))
#27 C:\\Apache24\\htdocs\\ReleaseNoteSystem\\vendor\\laravel\\framework\\src\\Illuminate\\Routing\\Router.php(698): Illuminate\\Routing\\Router->runRouteWithinStack(Object(Illuminate\\Routing\\Route), Object(Illuminate\\Http\\Request))
#28 C:\\Apache24\\htdocs\\ReleaseNoteSystem\\vendor\\laravel\\framework\\src\\Illuminate\\Routing\\Router.php(662): Illuminate\\Routing\\Router->runRoute(Object(Illuminate\\Http\\Request), Object(Illuminate\\Routing\\Route))
#29 C:\\Apache24\\htdocs\\ReleaseNoteSystem\\vendor\\laravel\\framework\\src\\Illuminate\\Routing\\Router.php(651): Illuminate\\Routing\\Router->dispatchToRoute(Object(Illuminate\\Http\\Request))
#30 C:\\Apache24\\htdocs\\ReleaseNoteSystem\\vendor\\laravel\\framework\\src\\Illuminate\\Foundation\\Http\\Kernel.php(167): Illuminate\\Routing\\Router->dispatch(Object(Illuminate\\Http\\Request))
#31 C:\\Apache24\\htdocs\\ReleaseNoteSystem\\vendor\\laravel\\framework\\src\\Illuminate\\Pipeline\\Pipeline.php(128): Illuminate\\Foundation\\Http\\Kernel->Illuminate\\Foundation\\Http\\{closure}(Object(Illuminate\\Http\\Request))
#32 C:\\Apache24\\htdocs\\ReleaseNoteSystem\\vendor\\laravel\\framework\\src\\Illuminate\\Foundation\\Http\\Middleware\\TransformsRequest.php(21): Illuminate\\Pipeline\\Pipeline->Illuminate\\Pipeline\\{closure}(Object(Illuminate\\Http\\Request))
#33 C:\\Apache24\\htdocs\\ReleaseNoteSystem\\vendor\\laravel\\framework\\src\\Illuminate\\Foundation\\Http\\Middleware\\ConvertEmptyStringsToNull.php(31): Illuminate\\Foundation\\Http\\Middleware\\TransformsRequest->handle(Object(Illuminate\\Http\\Request), Object(Closure))
#34 C:\\Apache24\\htdocs\\ReleaseNoteSystem\\vendor\\laravel\\framework\\src\\Illuminate\\Pipeline\\Pipeline.php(167): Illuminate\\Foundation\\Http\\Middleware\\ConvertEmptyStringsToNull->handle(Object(Illuminate\\Http\\Request), Object(Closure))
#35 C:\\Apache24\\htdocs\\ReleaseNoteSystem\\vendor\\laravel\\framework\\src\\Illuminate\\Foundation\\Http\\Middleware\\TransformsRequest.php(21): Illuminate\\Pipeline\\Pipeline->Illuminate\\Pipeline\\{closure}(Object(Illuminate\\Http\\Request))
#36 C:\\Apache24\\htdocs\\ReleaseNoteSystem\\vendor\\laravel\\framework\\src\\Illuminate\\Foundation\\Http\\Middleware\\TrimStrings.php(40): Illuminate\\Foundation\\Http\\Middleware\\TransformsRequest->handle(Object(Illuminate\\Http\\Request), Object(Closure))
#37 C:\\Apache24\\htdocs\\ReleaseNoteSystem\\vendor\\laravel\\framework\\src\\Illuminate\\Pipeline\\Pipeline.php(167): Illuminate\\Foundation\\Http\\Middleware\\TrimStrings->handle(Object(Illuminate\\Http\\Request), Object(Closure))
#38 C:\\Apache24\\htdocs\\ReleaseNoteSystem\\vendor\\laravel\\framework\\src\\Illuminate\\Foundation\\Http\\Middleware\\ValidatePostSize.php(27): Illuminate\\Pipeline\\Pipeline->Illuminate\\Pipeline\\{closure}(Object(Illuminate\\Http\\Request))
#39 C:\\Apache24\\htdocs\\ReleaseNoteSystem\\vendor\\laravel\\framework\\src\\Illuminate\\Pipeline\\Pipeline.php(167): Illuminate\\Foundation\\Http\\Middleware\\ValidatePostSize->handle(Object(Illuminate\\Http\\Request), Object(Closure))
#40 C:\\Apache24\\htdocs\\ReleaseNoteSystem\\vendor\\laravel\\framework\\src\\Illuminate\\Foundation\\Http\\Middleware\\PreventRequestsDuringMaintenance.php(86): Illuminate\\Pipeline\\Pipeline->Illuminate\\Pipeline\\{closure}(Object(Illuminate\\Http\\Request))
#41 C:\\Apache24\\htdocs\\ReleaseNoteSystem\\vendor\\laravel\\framework\\src\\Illuminate\\Pipeline\\Pipeline.php(167): Illuminate\\Foundation\\Http\\Middleware\\PreventRequestsDuringMaintenance->handle(Object(Illuminate\\Http\\Request), Object(Closure))
#42 C:\\Apache24\\htdocs\\ReleaseNoteSystem\\vendor\\fruitcake\\laravel-cors\\src\\HandleCors.php(52): Illuminate\\Pipeline\\Pipeline->Illuminate\\Pipeline\\{closure}(Object(Illuminate\\Http\\Request))
#43 C:\\Apache24\\htdocs\\ReleaseNoteSystem\\vendor\\laravel\\framework\\src\\Illuminate\\Pipeline\\Pipeline.php(167): Fruitcake\\Cors\\HandleCors->handle(Object(Illuminate\\Http\\Request), Object(Closure))
#44 C:\\Apache24\\htdocs\\ReleaseNoteSystem\\vendor\\laravel\\framework\\src\\Illuminate\\Http\\Middleware\\TrustProxies.php(39): Illuminate\\Pipeline\\Pipeline->Illuminate\\Pipeline\\{closure}(Object(Illuminate\\Http\\Request))
#45 C:\\Apache24\\htdocs\\ReleaseNoteSystem\\vendor\\laravel\\framework\\src\\Illuminate\\Pipeline\\Pipeline.php(167): Illuminate\\Http\\Middleware\\TrustProxies->handle(Object(Illuminate\\Http\\Request), Object(Closure))
#46 C:\\Apache24\\htdocs\\ReleaseNoteSystem\\vendor\\laravel\\framework\\src\\Illuminate\\Pipeline\\Pipeline.php(103): Illuminate\\Pipeline\\Pipeline->Illuminate\\Pipeline\\{closure}(Object(Illuminate\\Http\\Request))
#47 C:\\Apache24\\htdocs\\ReleaseNoteSystem\\vendor\\laravel\\framework\\src\\Illuminate\\Foundation\\Http\\Kernel.php(142): Illuminate\\Pipeline\\Pipeline->then(Object(Closure))
#48 C:\\Apache24\\htdocs\\ReleaseNoteSystem\\vendor\\laravel\\framework\\src\\Illuminate\\Foundation\\Http\\Kernel.php(111): Illuminate\\Foundation\\Http\\Kernel->sendRequestThroughRouter(Object(Illuminate\\Http\\Request))
#49 C:\\Apache24\\htdocs\\ReleaseNoteSystem\\public\\index.php(52): Illuminate\\Foundation\\Http\\Kernel->handle(Object(Illuminate\\Http\\Request))
#50 {main}"}  
